2025-04-04 10:36:32,766 [INFO] Activator:176 - 


2025-04-04 10:36:32,780 [INFO] Activator:177 - !SESSION log4j initialized
2025-04-04 10:36:48,661 [INFO] LogOutputStream:77 - [STDOUT_REDIRECT] 
2025-04-04 10:36:55,257 [INFO] ApplicationProperties:184 - Using Application install path: C:\ST\STM32CubeIDE_1.14.1\STM32CubeIDE\plugins\com.st.stm32cube.common.mx_6.14.0.202502271554
2025-04-04 10:36:55,306 [INFO] DbMcusXml:78 - Set database path to: C:\ST\STM32CubeIDE_1.14.1\STM32CubeIDE\plugins\com.st.stm32cube.common.mx_6.14.0.202502271554\\db\/mcu/
2025-04-04 10:36:55,306 [INFO] ApiDb:274 - Set plugin database path to: C:\ST\STM32CubeIDE_1.14.1\STM32CubeIDE\plugins\com.st.stm32cube.common.mx_6.14.0.202502271554\\db\/plugins/boardmanager/
2025-04-04 10:36:55,307 [WARN] ApiDb:259 - Overriding images path with different value:  => C:\ST\STM32CubeIDE_1.14.1\STM32CubeIDE\plugins\com.st.stm32cube.common.mx_6.14.0.202502271554\\db\/plugins/mcufinder/images/
2025-04-04 10:36:55,326 [INFO] ApiDb:250 - Set database path to: C:\Users\dramos\.stmcufinder\plugins\mcufinder//mcu/
2025-04-04 10:36:55,327 [INFO] DbMcusAds:125 - Set database path to: C:\Users\dramos\.stmcufinder\plugins\mcufinder//mcu/
2025-04-04 10:36:55,332 [INFO] CrossReferenceDbSqlite:203 - Set database path to: C:\Users\dramos\.stmcufinder\plugins\mcufinder//mcu/cs/
2025-04-04 10:36:55,514 [INFO] RulesReader:64 - Compatibility file has been processed (301 Rules)
2025-04-04 10:36:55,675 [INFO] DbMcusXml:78 - Set database path to: C:\ST\STM32CubeIDE_1.14.1\STM32CubeIDE\plugins\com.st.stm32cube.common.mx_6.14.0.202502271554\\db\/mcu/
2025-04-04 10:36:55,676 [INFO] ApiDb:274 - Set plugin database path to: C:\ST\STM32CubeIDE_1.14.1\STM32CubeIDE\plugins\com.st.stm32cube.common.mx_6.14.0.202502271554\\db\/plugins/boardmanager/
2025-04-04 10:36:55,676 [INFO] ApiDb:261 - Set plugin images path to: C:\ST\STM32CubeIDE_1.14.1\STM32CubeIDE\plugins\com.st.stm32cube.common.mx_6.14.0.202502271554\\db\/plugins/mcufinder/images/
2025-04-04 10:36:55,676 [WARN] DbFile:41 - Overriding database path with different value: C:\Users\dramos\.stmcufinder\plugins\mcufinder/ => C:\Users\dramos\.stmcufinder\plugins\mcufinder
2025-04-04 10:36:55,676 [INFO] ApiDb:250 - Set database path to: C:\Users\dramos\.stmcufinder\plugins\mcufinder//mcu/
2025-04-04 10:36:55,677 [WARN] DbFile:41 - Overriding database path with different value: C:\Users\dramos\.stmcufinder\plugins\mcufinder/ => C:\Users\dramos\.stmcufinder\plugins\mcufinder
2025-04-04 10:36:55,677 [INFO] DbMcusAds:125 - Set database path to: C:\Users\dramos\.stmcufinder\plugins\mcufinder//mcu/
2025-04-04 10:36:55,677 [WARN] DbFile:41 - Overriding database path with different value: C:\Users\dramos\.stmcufinder\plugins\mcufinder/ => C:\Users\dramos\.stmcufinder\plugins\mcufinder
2025-04-04 10:36:55,677 [WARN] DbFile:41 - Overriding database path with different value: C:\Users\dramos\.stmcufinder\plugins\mcufinder/ => C:\Users\dramos\.stmcufinder\plugins\mcufinder
2025-04-04 10:36:55,677 [INFO] CrossReferenceDbSqlite:203 - Set database path to: C:\Users\dramos\.stmcufinder\plugins\mcufinder//mcu/cs/
2025-04-04 10:36:55,803 [INFO] MainPanel:272 - HeapMemory: 268435456
2025-04-04 10:36:55,949 [INFO] DbMcusXml:78 - Set database path to: C:\ST\STM32CubeIDE_1.14.1\STM32CubeIDE\plugins\com.st.stm32cube.common.mx_6.14.0.202502271554\\db\/mcu/
2025-04-04 10:36:55,950 [INFO] ApiDb:274 - Set plugin database path to: C:\ST\STM32CubeIDE_1.14.1\STM32CubeIDE\plugins\com.st.stm32cube.common.mx_6.14.0.202502271554\\db\/plugins/boardmanager/
2025-04-04 10:36:55,950 [INFO] ApiDb:261 - Set plugin images path to: C:\ST\STM32CubeIDE_1.14.1\STM32CubeIDE\plugins\com.st.stm32cube.common.mx_6.14.0.202502271554\\db\/plugins/mcufinder/images/
2025-04-04 10:36:55,950 [WARN] DbFile:41 - Overriding database path with different value: C:\Users\dramos\.stmcufinder\plugins\mcufinder/ => C:\Users\dramos\.stmcufinder\plugins\mcufinder
2025-04-04 10:36:55,951 [INFO] ApiDb:250 - Set database path to: C:\Users\dramos\.stmcufinder\plugins\mcufinder//mcu/
2025-04-04 10:36:55,951 [WARN] DbFile:41 - Overriding database path with different value: C:\Users\dramos\.stmcufinder\plugins\mcufinder/ => C:\Users\dramos\.stmcufinder\plugins\mcufinder
2025-04-04 10:36:55,951 [INFO] DbMcusAds:125 - Set database path to: C:\Users\dramos\.stmcufinder\plugins\mcufinder//mcu/
2025-04-04 10:36:55,951 [WARN] DbFile:41 - Overriding database path with different value: C:\Users\dramos\.stmcufinder\plugins\mcufinder/ => C:\Users\dramos\.stmcufinder\plugins\mcufinder
2025-04-04 10:36:55,951 [WARN] DbFile:41 - Overriding database path with different value: C:\Users\dramos\.stmcufinder\plugins\mcufinder/ => C:\Users\dramos\.stmcufinder\plugins\mcufinder
2025-04-04 10:36:55,951 [INFO] CrossReferenceDbSqlite:203 - Set database path to: C:\Users\dramos\.stmcufinder\plugins\mcufinder//mcu/cs/
2025-04-04 10:36:55,979 [INFO] ApplicationProperties:184 - Using Application install path: C:\ST\STM32CubeIDE_1.14.1\STM32CubeIDE\plugins\com.st.stm32cube.common.mx_6.14.0.202502271554
2025-04-04 10:36:55,981 [INFO] PluginManage:196 - Search for loadable plugins [exclusion list=, ]
2025-04-04 10:36:55,983 [INFO] PluginManage:310 - Check plugin analytics
2025-04-04 10:37:00,840 [INFO] AnalyticsPlugin:253 - Accepted Software Licenses: 
2025-04-04 10:37:00,841 [INFO] AnalyticsPlugin:255 - Accepted CMSIS Pack Licenses: 
2025-04-04 10:37:00,841 [INFO] AnalyticsPlugin:257 - Accepted Firmware Licenses: FW.F4.1.28.0
2025-04-04 10:37:00,846 [INFO] PluginManage:359 - Loaded plugin analytics (category:tool,tabindex:-1)
2025-04-04 10:37:00,846 [INFO] PluginManage:310 - Check plugin cadmodel
2025-04-04 10:37:00,883 [INFO] CADModel:105 - Init CAD model plugin
2025-04-04 10:37:00,884 [INFO] PluginManage:359 - Loaded plugin cadmodel (category:power,tabindex:5)
2025-04-04 10:37:00,884 [INFO] PluginManage:310 - Check plugin clock
2025-04-04 10:37:00,923 [INFO] PluginManage:359 - Loaded plugin clock (category:base,tabindex:2)
2025-04-04 10:37:00,923 [INFO] PluginManage:310 - Check plugin ddr
2025-04-04 10:37:00,929 [INFO] PluginManage:359 - Loaded plugin ddr (category:tool,tabindex:6)
2025-04-04 10:37:00,929 [INFO] PluginManage:310 - Check plugin filemanager
2025-04-04 10:37:01,179 [INFO] PluginManage:359 - Loaded plugin filemanager (category:base,tabindex:10)
2025-04-04 10:37:01,179 [INFO] PluginManage:310 - Check plugin ipmanager
2025-04-04 10:37:01,191 [INFO] PluginManage:359 - Loaded plugin ipmanager (category:base,tabindex:5)
2025-04-04 10:37:01,191 [INFO] PluginManage:310 - Check plugin lpbam
2025-04-04 10:37:01,230 [INFO] PluginManage:359 - Loaded plugin lpbam (category:base,tabindex:0)
2025-04-04 10:37:01,231 [INFO] PluginManage:310 - Check plugin memorymap
2025-04-04 10:37:01,276 [INFO] PluginManage:359 - Loaded plugin memorymap (category:base,tabindex:4)
2025-04-04 10:37:01,277 [INFO] PluginManage:310 - Check plugin pinoutandconfiguration
2025-04-04 10:37:01,310 [INFO] PluginManage:359 - Loaded plugin pinoutandconfiguration (category:base,tabindex:1)
2025-04-04 10:37:01,310 [INFO] PluginManage:310 - Check plugin pinoutconfig
2025-04-04 10:37:01,494 [WARN] SupportedApi:132 - Cannot load RTOS API schema: s4s-elt-must-match.1: The content of 'definitions' must match (annotation?, (simpleType | complexType)?, (unique | key | keyref)*)). A problem was found starting at: attribute.
2025-04-04 10:37:01,769 [INFO] PluginManage:359 - Loaded plugin pinoutconfig (category:base,tabindex:0)
2025-04-04 10:37:01,769 [INFO] PluginManage:310 - Check plugin power
2025-04-04 10:37:01,822 [INFO] PluginManage:359 - Loaded plugin power (category:power,tabindex:4)
2025-04-04 10:37:01,823 [INFO] PluginManage:310 - Check plugin projectmanager
2025-04-04 10:37:01,851 [INFO] PluginManage:359 - Loaded plugin projectmanager (category:projectmanager,tabindex:4)
2025-04-04 10:37:01,851 [INFO] PluginManage:310 - Check plugin rif
2025-04-04 10:37:01,891 [INFO] PluginManage:359 - Loaded plugin rif (category:base,tabindex:3)
2025-04-04 10:37:01,892 [INFO] PluginManage:310 - Check plugin thirdparty
2025-04-04 10:37:02,567 [INFO] PluginManage:359 - Loaded plugin thirdparty (category:base,tabindex:-1)
2025-04-04 10:37:02,566 [WARN] IntegrityCheckThread:84 - waiting for thirdparty lock release [integrity check]
2025-04-04 10:37:02,567 [INFO] IntegrityCheckThread:86 - entering critical section [integrity check]
2025-04-04 10:37:02,567 [INFO] PluginManage:310 - Check plugin tools
2025-04-04 10:37:02,568 [INFO] ThirdPartyUpdaterWithRetryManager:70 - Updater plugin not ready yet. [1/15]
2025-04-04 10:37:02,693 [INFO] PluginManage:359 - Loaded plugin tools (category:base,tabindex:7)
2025-04-04 10:37:02,693 [INFO] PluginManage:310 - Check plugin tutovideos
2025-04-04 10:37:03,067 [INFO] PluginManage:359 - Loaded plugin tutovideos (category:base,tabindex:-1)
2025-04-04 10:37:03,068 [INFO] PluginManage:310 - Check plugin updater
2025-04-04 10:37:03,111 [INFO] PluginManage:359 - Loaded plugin updater (category:base,tabindex:12)
2025-04-04 10:37:03,111 [INFO] PluginManage:310 - Check plugin userauth
2025-04-04 10:37:03,119 [INFO] UserAuth:118 - Init User Auth plugin
2025-04-04 10:37:03,121 [INFO] PluginManage:359 - Loaded plugin userauth (category:base,tabindex:14)
2025-04-04 10:37:03,121 [INFO] PluginManage:283 - PluginManage : Loaded plugins [18]
2025-04-04 10:37:03,535 [INFO] PinOutPanel:1589 - setPackage(No Configuration,No Configuration)
2025-04-04 10:37:03,699 [INFO] CADModel:165 - CPN selected for project level
2025-04-04 10:37:03,699 [INFO] CADModel:114 - Register for checkConnection events
2025-04-04 10:37:03,762 [INFO] IPUIPlugin:80 - create IPUIPlugin
2025-04-04 10:37:03,763 [INFO] PluginManager:220 - loadIPPluginJar : add adc
2025-04-04 10:37:03,870 [INFO] IPUIPlugin:80 - create IPUIPlugin
2025-04-04 10:37:03,870 [INFO] PluginManager:220 - loadIPPluginJar : add aes
2025-04-04 10:37:03,983 [INFO] IPUIPlugin:80 - create IPUIPlugin
2025-04-04 10:37:03,984 [INFO] PluginManager:220 - loadIPPluginJar : add can
2025-04-04 10:37:04,051 [INFO] IPUIPlugin:80 - create IPUIPlugin
2025-04-04 10:37:04,052 [INFO] PluginManager:220 - loadIPPluginJar : add comp
2025-04-04 10:37:04,141 [INFO] IPUIPlugin:80 - create IPUIPlugin
2025-04-04 10:37:04,142 [INFO] PluginManager:220 - loadIPPluginJar : add cryp
2025-04-04 10:37:04,171 [INFO] IPUIPlugin:80 - create IPUIPlugin
2025-04-04 10:37:04,171 [INFO] PluginManager:220 - loadIPPluginJar : add ddr_ctrl_phy
2025-04-04 10:37:04,268 [INFO] IPUIPlugin:80 - create IPUIPlugin
2025-04-04 10:37:04,268 [INFO] PluginManager:220 - loadIPPluginJar : add dfsdm
2025-04-04 10:37:04,305 [INFO] IPUIPlugin:80 - create IPUIPlugin
2025-04-04 10:37:04,306 [INFO] PluginManager:220 - loadIPPluginJar : add dma
2025-04-04 10:37:04,420 [INFO] IPUIPlugin:80 - create IPUIPlugin
2025-04-04 10:37:04,421 [INFO] PluginManager:220 - loadIPPluginJar : add dma3
2025-04-04 10:37:04,542 [INFO] IPUIPlugin:80 - create IPUIPlugin
2025-04-04 10:37:04,543 [INFO] PluginManager:220 - loadIPPluginJar : add extmemmanager
2025-04-04 10:37:04,604 [INFO] IPUIPlugin:80 - create IPUIPlugin
2025-04-04 10:37:04,605 [INFO] PluginManager:220 - loadIPPluginJar : add fatfs
2025-04-04 10:37:04,738 [INFO] IPUIPlugin:80 - create IPUIPlugin
2025-04-04 10:37:04,739 [INFO] PluginManager:220 - loadIPPluginJar : add fmc
2025-04-04 10:37:04,774 [INFO] IPUIPlugin:80 - create IPUIPlugin
2025-04-04 10:37:04,775 [INFO] PluginManager:220 - loadIPPluginJar : add freertos
2025-04-04 10:37:04,838 [INFO] IPUIPlugin:80 - create IPUIPlugin
2025-04-04 10:37:04,838 [INFO] PluginManager:220 - loadIPPluginJar : add genericplugin
2025-04-04 10:37:05,120 [INFO] IPUIPlugin:80 - create IPUIPlugin
2025-04-04 10:37:05,120 [INFO] PluginManager:220 - loadIPPluginJar : add gfxmmu
2025-04-04 10:37:05,490 [INFO] IPUIPlugin:80 - create IPUIPlugin
2025-04-04 10:37:05,491 [INFO] PluginManager:220 - loadIPPluginJar : add gic
2025-04-04 10:37:05,520 [INFO] IPUIPlugin:80 - create IPUIPlugin
2025-04-04 10:37:05,520 [INFO] PluginManager:220 - loadIPPluginJar : add gpio
2025-04-04 10:37:05,579 [INFO] ThirdPartyUpdaterWithRetryManager:70 - Updater plugin not ready yet. [2/15]
2025-04-04 10:37:05,767 [INFO] IPUIPlugin:80 - create IPUIPlugin
2025-04-04 10:37:05,767 [INFO] PluginManager:220 - loadIPPluginJar : add gtzc
2025-04-04 10:37:05,868 [INFO] IPUIPlugin:80 - create IPUIPlugin
2025-04-04 10:37:05,868 [INFO] PluginManager:220 - loadIPPluginJar : add hash
2025-04-04 10:37:06,055 [INFO] IPUIPlugin:80 - create IPUIPlugin
2025-04-04 10:37:06,056 [INFO] PluginManager:220 - loadIPPluginJar : add i2c
2025-04-04 10:37:06,197 [INFO] IPUIPlugin:80 - create IPUIPlugin
2025-04-04 10:37:06,198 [INFO] PluginManager:220 - loadIPPluginJar : add i2s
2025-04-04 10:37:06,332 [INFO] IPUIPlugin:80 - create IPUIPlugin
2025-04-04 10:37:06,332 [INFO] PluginManager:220 - loadIPPluginJar : add i3c
2025-04-04 10:37:06,713 [INFO] IPUIPlugin:80 - create IPUIPlugin
2025-04-04 10:37:06,713 [INFO] PluginManager:220 - loadIPPluginJar : add ipddr
2025-04-04 10:37:07,023 [INFO] IPUIPlugin:80 - create IPUIPlugin
2025-04-04 10:37:07,023 [INFO] PluginManager:220 - loadIPPluginJar : add linkedlist
2025-04-04 10:37:07,126 [INFO] IPUIPlugin:80 - create IPUIPlugin
2025-04-04 10:37:07,127 [INFO] PluginManager:220 - loadIPPluginJar : add lorawan
2025-04-04 10:37:07,233 [INFO] IPUIPlugin:80 - create IPUIPlugin
2025-04-04 10:37:07,233 [INFO] PluginManager:220 - loadIPPluginJar : add ltdc
2025-04-04 10:37:07,267 [INFO] IPUIPlugin:80 - create IPUIPlugin
2025-04-04 10:37:07,268 [INFO] PluginManager:220 - loadIPPluginJar : add mdma
2025-04-04 10:37:07,304 [INFO] IPUIPlugin:80 - create IPUIPlugin
2025-04-04 10:37:07,304 [INFO] PluginManager:220 - loadIPPluginJar : add nvic
2025-04-04 10:37:07,408 [INFO] IPUIPlugin:80 - create IPUIPlugin
2025-04-04 10:37:07,408 [INFO] PluginManager:220 - loadIPPluginJar : add opamp
2025-04-04 10:37:07,625 [INFO] IPUIPlugin:80 - create IPUIPlugin
2025-04-04 10:37:07,626 [INFO] PluginManager:220 - loadIPPluginJar : add openamp
2025-04-04 10:37:07,777 [INFO] IPUIPlugin:80 - create IPUIPlugin
2025-04-04 10:37:07,777 [INFO] PluginManager:220 - loadIPPluginJar : add pdm2pcm
2025-04-04 10:37:07,814 [INFO] IPUIPlugin:80 - create IPUIPlugin
2025-04-04 10:37:07,818 [INFO] PluginManager:220 - loadIPPluginJar : add plateformsettings
2025-04-04 10:37:07,888 [INFO] IPUIPlugin:80 - create IPUIPlugin
2025-04-04 10:37:07,888 [INFO] PluginManager:220 - loadIPPluginJar : add quadspi
2025-04-04 10:37:08,064 [INFO] IPUIPlugin:80 - create IPUIPlugin
2025-04-04 10:37:08,065 [INFO] PluginManager:220 - loadIPPluginJar : add radio
2025-04-04 10:37:08,098 [INFO] IPUIPlugin:80 - create IPUIPlugin
2025-04-04 10:37:08,099 [INFO] PluginManager:220 - loadIPPluginJar : add resmgrutility
2025-04-04 10:37:08,226 [INFO] IPUIPlugin:80 - create IPUIPlugin
2025-04-04 10:37:08,226 [INFO] PluginManager:220 - loadIPPluginJar : add sai
2025-04-04 10:37:08,327 [INFO] IPUIPlugin:80 - create IPUIPlugin
2025-04-04 10:37:08,327 [INFO] PluginManager:220 - loadIPPluginJar : add spi
2025-04-04 10:37:08,529 [INFO] IPUIPlugin:80 - create IPUIPlugin
2025-04-04 10:37:08,530 [INFO] PluginManager:220 - loadIPPluginJar : add stm32_wpan
2025-04-04 10:37:08,589 [INFO] ThirdPartyUpdaterWithRetryManager:70 - Updater plugin not ready yet. [3/15]
2025-04-04 10:37:08,593 [INFO] IPUIPlugin:80 - create IPUIPlugin
2025-04-04 10:37:08,593 [INFO] PluginManager:220 - loadIPPluginJar : add tim
2025-04-04 10:37:08,762 [INFO] IPUIPlugin:80 - create IPUIPlugin
2025-04-04 10:37:08,763 [INFO] PluginManager:220 - loadIPPluginJar : add touchsensing
2025-04-04 10:37:08,823 [INFO] IPUIPlugin:80 - create IPUIPlugin
2025-04-04 10:37:08,823 [INFO] PluginManager:220 - loadIPPluginJar : add tracer_emb
2025-04-04 10:37:08,891 [INFO] IPUIPlugin:80 - create IPUIPlugin
2025-04-04 10:37:08,891 [INFO] PluginManager:220 - loadIPPluginJar : add ts
2025-04-04 10:37:08,951 [INFO] IPUIPlugin:80 - create IPUIPlugin
2025-04-04 10:37:08,951 [INFO] PluginManager:220 - loadIPPluginJar : add tsc
2025-04-04 10:37:09,020 [INFO] IPUIPlugin:80 - create IPUIPlugin
2025-04-04 10:37:09,020 [INFO] PluginManager:220 - loadIPPluginJar : add ucpd
2025-04-04 10:37:09,159 [INFO] IPUIPlugin:80 - create IPUIPlugin
2025-04-04 10:37:09,159 [INFO] PluginManager:220 - loadIPPluginJar : add usart
2025-04-04 10:37:09,302 [INFO] IPUIPlugin:80 - create IPUIPlugin
2025-04-04 10:37:09,302 [INFO] PluginManager:220 - loadIPPluginJar : add usbx
2025-04-04 10:37:09,472 [FATAL] Updater:351 - Updater called before beeing initialized
2025-04-04 10:37:09,517 [INFO] RulesReader:64 - Compatibility file has been processed (301 Rules)
2025-04-04 10:37:09,536 [INFO] RulesReader:64 - Compatibility file has been processed (301 Rules)
2025-04-04 10:37:09,547 [INFO] CADModel:165 - CPN selected for project level
2025-04-04 10:37:09,547 [INFO] CADModel:114 - Register for checkConnection events
2025-04-04 10:37:09,547 [FATAL] Updater:351 - Updater called before beeing initialized
2025-04-04 10:37:09,548 [ERROR] CADModel:125 - Updater not yet initialized, retry later 
2025-04-04 10:37:09,780 [FATAL] Updater:351 - Updater called before beeing initialized
2025-04-04 10:37:09,783 [INFO] CADModel:165 - CPN selected for project level
2025-04-04 10:37:09,783 [INFO] CADModel:114 - Register for checkConnection events
2025-04-04 10:37:09,784 [FATAL] Updater:351 - Updater called before beeing initialized
2025-04-04 10:37:09,784 [ERROR] CADModel:125 - Updater not yet initialized, retry later 
2025-04-04 10:37:09,789 [FATAL] Updater:351 - Updater called before beeing initialized
2025-04-04 10:37:09,997 [FATAL] Updater:351 - Updater called before beeing initialized
2025-04-04 10:37:10,019 [INFO] DbMcusAds:53 - JSON generation date=Thu Mar 06 11:54:21 ART 2025 (1741272861825)
2025-04-04 10:37:10,019 [FATAL] Updater:351 - Updater called before beeing initialized
2025-04-04 10:37:10,088 [WARN] DetailPanel:346 - Failed to get advertising image, set to default
2025-04-04 10:37:10,589 [FATAL] Updater:351 - Updater called before beeing initialized
2025-04-04 10:37:10,591 [FATAL] Updater:351 - Updater called before beeing initialized
2025-04-04 10:37:10,592 [FATAL] Updater:351 - Updater called before beeing initialized
2025-04-04 10:37:10,592 [WARN] DetailPanel:346 - Failed to get advertising image, set to default
2025-04-04 10:37:10,593 [FATAL] Updater:351 - Updater called before beeing initialized
2025-04-04 10:37:10,712 [ERROR] Updater:1198 - MainUpdater not yet initialized. External WinMGr cannot be set.
2025-04-04 10:37:10,736 [INFO] Updater:1134 - Updater Version found : 6.14.0
2025-04-04 10:37:10,766 [INFO] ApplicationProperties:184 - Using Application install path: C:\ST\STM32CubeIDE_1.14.1\STM32CubeIDE\plugins\com.st.stm32cube.common.mx_6.14.0.202502271554
2025-04-04 10:37:11,600 [INFO] ThirdPartyUpdaterWithRetryManager:70 - Updater plugin not ready yet. [4/15]
2025-04-04 10:37:12,384 [ERROR] LogOutputStream:75 - [STDERR_REDIRECT] Apr 04, 2025 10:37:12 AM java.util.prefs.WindowsPreferences <init>
2025-04-04 10:37:12,389 [ERROR] LogOutputStream:75 - [STDERR_REDIRECT] WARNING: Could not open/create prefs root node Software\JavaSoft\Prefs at root 0xffffffff80000002. Windows RegCreateKeyEx(...) returned error code 5.
2025-04-04 10:37:12,389 [ERROR] LogOutputStream:75 - [STDERR_REDIRECT] 
2025-04-04 10:37:12,980 [INFO] MainUpdater:2872 - connection check result : 10
2025-04-04 10:37:12,981 [INFO] MainUpdater:289 - Updater Check For Update Now.
2025-04-04 10:37:12,982 [INFO] MicroXplorer:498 - Change Database Version : DB.6.0.140
2025-04-04 10:37:13,036 [INFO] McuFinderGlobals:63 - Set McuFinder mode to 2 (CubeIDE integrated)
2025-04-04 10:37:13,036 [INFO] UserAuth:171 - activating auth plugin
2025-04-04 10:37:13,044 [INFO] UserAuth:486 - Internet connection configuration mode: 1
2025-04-04 10:37:13,108 [INFO] JxBrowserEngine:152 - Initiate JxBrowser Engine with user profile folder
2025-04-04 10:37:13,324 [INFO] CheckServerUpdateThread:120 - End of CheckServer Thread
2025-04-04 10:37:15,201 [WARN] PackLoader:240 - Cannot read IP mode file for STMicroelectronics.FP-SNS-MOTENVWB1.1.4.0
2025-04-04 10:37:15,238 [WARN] PackLoader:240 - Cannot read IP mode file for STMicroelectronics.FP-ATR-ASTRA1.2.0.2
2025-04-04 10:37:15,271 [WARN] PackLoader:240 - Cannot read IP mode file for STMicroelectronics.FP-ATR-ASTRA1.2.0.1
2025-04-04 10:37:15,313 [WARN] PackLoader:240 - Cannot read IP mode file for STMicroelectronics.X-CUBE-SMBUS.2.1.0
2025-04-04 10:37:15,352 [WARN] PackLoader:240 - Cannot read IP mode file for STMicroelectronics.X-CUBE-WB05N.1.1.0
2025-04-04 10:37:15,412 [WARN] PackLoader:240 - Cannot read IP mode file for STMicroelectronics.X-CUBE-TOUCHGFX.4.23.0
2025-04-04 10:37:15,516 [WARN] PackLoader:240 - Cannot read IP mode file for STMicroelectronics.X-CUBE-AZRTOS-F7.1.1.0
2025-04-04 10:37:15,560 [WARN] PackLoader:240 - Cannot read IP mode file for STMicroelectronics.FP-SNS-MOTENV1.4.3.2
2025-04-04 10:37:15,817 [WARN] PackLoader:240 - Cannot read IP mode file for STMicroelectronics.X-CUBE-MEMS1.11.0.0
2025-04-04 10:37:15,885 [INFO] WebApp:169 - Instantiating new browser for Auth
2025-04-04 10:37:16,240 [WARN] PackLoader:240 - Cannot read IP mode file for STMicroelectronics.FP-SNS-FLIGHT1.5.0.2
2025-04-04 10:37:16,277 [WARN] PackLoader:240 - Cannot read IP mode file for STMicroelectronics.X-CUBE-DISPLAY.3.0.0
2025-04-04 10:37:16,312 [WARN] PackLoader:240 - Cannot read IP mode file for STMicroelectronics.X-CUBE-BLE1.7.0.0
2025-04-04 10:37:16,343 [WARN] PackLoader:240 - Cannot read IP mode file for STMicroelectronics.X-CUBE-NFC10.1.0.0
2025-04-04 10:37:16,384 [WARN] PackLoader:240 - Cannot read IP mode file for STMicroelectronics.X-CUBE-BLEMGR.4.0.0
2025-04-04 10:37:16,417 [WARN] PackLoader:240 - Cannot read IP mode file for emotas.I-CUBE-CANOPEN.1.3.0
2025-04-04 10:37:16,457 [WARN] PackLoader:240 - Cannot read IP mode file for STMicroelectronics.X-CUBE-BLEMGR.3.1.0
2025-04-04 10:37:16,489 [WARN] PackLoader:240 - Cannot read IP mode file for STMicroelectronics.X-CUBE-AI.10.0.0
2025-04-04 10:37:16,544 [WARN] PackLoader:240 - Cannot read IP mode file for STMicroelectronics.FP-SNS-SMARTAG2.1.2.0
2025-04-04 10:37:16,570 [WARN] PackLoader:240 - Cannot read IP mode file for STMicroelectronics.FP-SNS-FLIGHT1.5.1.0
2025-04-04 10:37:16,692 [WARN] PackLoader:240 - Cannot read IP mode file for STMicroelectronics.X-CUBE-MEMS1.11.1.0
2025-04-04 10:37:16,937 [INFO] LogOutputStream:77 - [STDOUT_REDIRECT] 1 : Invalid condition id : UX_CORESTACK_Condition cause : null
2025-04-04 10:37:16,937 [INFO] LogOutputStream:77 - [STDOUT_REDIRECT] 1 : Invalid condition id : UX_CORESTACK_Condition cause : null
2025-04-04 10:37:16,940 [INFO] LogOutputStream:77 - [STDOUT_REDIRECT] 1 : Invalid condition id : UX_CORESTACK_Condition cause : null
2025-04-04 10:37:16,942 [INFO] LogOutputStream:77 - [STDOUT_REDIRECT] 1 : Invalid condition id : UX_CORESTACK_Condition cause : null
2025-04-04 10:37:16,943 [INFO] LogOutputStream:77 - [STDOUT_REDIRECT] 1 : Invalid condition id : UX_CORESTACK_Condition cause : null
2025-04-04 10:37:16,947 [WARN] PackLoader:240 - Cannot read IP mode file for STMicroelectronics.X-CUBE-AZRTOS-WL.2.0.0
2025-04-04 10:37:17,105 [WARN] PackLoader:240 - Cannot read IP mode file for STMicroelectronics.FP-SNS-MOTENV1.5.0.0
2025-04-04 10:37:17,147 [WARN] PackLoader:240 - Cannot read IP mode file for wolfSSL.I-CUBE-wolfMQTT.1.19.0
2025-04-04 10:37:17,186 [WARN] PackLoader:240 - Cannot read IP mode file for WES.I-CUBE-Cesium.1.3.0
2025-04-04 10:37:17,253 [WARN] PackLoader:240 - Cannot read IP mode file for STMicroelectronics.X-CUBE-BLE2.3.3.0
2025-04-04 10:37:17,286 [WARN] PackLoader:240 - Cannot read IP mode file for STMicroelectronics.X-CUBE-NFC9.1.0.0
2025-04-04 10:37:17,316 [WARN] PackLoader:240 - Cannot read IP mode file for STMicroelectronics.X-CUBE-BLE1.7.1.0
2025-04-04 10:37:17,357 [WARN] PackLoader:240 - Cannot read IP mode file for STMicroelectronics.X-CUBE-TCPP.4.1.0
2025-04-04 10:37:17,391 [WARN] PackLoader:240 - Cannot read IP mode file for STMicroelectronics.X-CUBE-ALGOBUILD.1.3.0
2025-04-04 10:37:17,487 [WARN] PackLoader:240 - Cannot read IP mode file for STMicroelectronics.X-CUBE-AZRTOS-G0.1.1.0
2025-04-04 10:37:17,523 [WARN] PackLoader:240 - Cannot read IP mode file for STMicroelectronics.X-CUBE-SAFEA1.1.2.2
2025-04-04 10:37:17,551 [WARN] PackLoader:240 - Cannot read IP mode file for STMicroelectronics.X-CUBE-NFC4.3.0.0
2025-04-04 10:37:17,589 [WARN] PackLoader:240 - Cannot read IP mode file for EmbeddedOffice.I-CUBE-FS-RTOS.1.0.1
2025-04-04 10:37:17,646 [WARN] PackLoader:240 - Cannot read IP mode file for STMicroelectronics.X-CUBE-TCPP.4.2.0
2025-04-04 10:37:17,694 [WARN] PackLoader:240 - Cannot read IP mode file for RealThread.X-CUBE-RT-Thread_Nano.4.1.1
2025-04-04 10:37:17,730 [WARN] PackLoader:240 - Cannot read IP mode file for STMicroelectronics.FP-ATR-SIGFOX1.3.2.0
2025-04-04 10:37:17,763 [WARN] ConditionMgr:438 - getConditionDescription Invalid condition id : Cortex-A Device cause : null
2025-04-04 10:37:17,822 [WARN] ConditionMgr:1044 - genDependencies : Invalid condition id : Cortex-A Device cause : null
2025-04-04 10:37:17,822 [WARN] ConditionMgr:1044 - genDependencies : Invalid condition id : Cortex-A Device cause : null
2025-04-04 10:37:17,822 [WARN] ConditionMgr:1044 - genDependencies : Invalid condition id : Cortex-A Device cause : null
2025-04-04 10:37:17,857 [WARN] PackLoader:240 - Cannot read IP mode file for STMicroelectronics.X-CUBE-EEPRMA1.5.1.0
2025-04-04 10:37:17,930 [WARN] PackLoader:240 - Cannot read IP mode file for SEGGER.I-CUBE-embOS.1.3.1
2025-04-04 10:37:18,017 [WARN] PackLoader:240 - Cannot read IP mode file for STMicroelectronics.X-CUBE-ALGOBUILD.1.4.0
2025-04-04 10:37:18,045 [WARN] PackLoader:240 - Cannot read IP mode file for STMicroelectronics.X-CUBE-AI.9.1.0
2025-04-04 10:37:18,072 [WARN] PackLoader:240 - Cannot read IP mode file for STMicroelectronics.X-CUBE-GNSS1.6.0.0
2025-04-04 10:37:18,123 [WARN] PackLoader:240 - Cannot read IP mode file for STMicroelectronics.X-CUBE-AZRTOS-F4.1.1.0
2025-04-04 10:37:18,152 [WARN] PackLoader:240 - Cannot read IP mode file for STMicroelectronics.X-CUBE-ISPU.2.1.0
2025-04-04 10:37:18,180 [WARN] PackLoader:240 - Cannot read IP mode file for STMicroelectronics.X-CUBE-FREERTOS.1.2.0
2025-04-04 10:37:18,206 [WARN] PackLoader:240 - Cannot read IP mode file for wolfSSL.I-CUBE-wolfSSL.5.6.6
2025-04-04 10:37:18,269 [WARN] PackLoader:240 - Cannot read IP mode file for STMicroelectronics.X-CUBE-AZRTOS-L5.2.0.0
2025-04-04 10:37:18,302 [WARN] PackLoader:240 - Cannot read IP mode file for STMicroelectronics.X-CUBE-NFC6.3.1.0
2025-04-04 10:37:18,331 [WARN] PackLoader:240 - Cannot read IP mode file for ITTIA_DB.I-CUBE-ITTIADB.8.8.0
2025-04-04 10:37:18,356 [WARN] PackLoader:240 - Cannot read IP mode file for STMicroelectronics.X-CUBE-DPower.1.2.0
2025-04-04 10:37:18,385 [WARN] PackLoader:240 - Cannot read IP mode file for STMicroelectronics.X-CUBE-AI.9.0.0
2025-04-04 10:37:18,414 [WARN] PackLoader:240 - Cannot read IP mode file for STMicroelectronics.X-CUBE-FREERTOS.1.3.0
2025-04-04 10:37:18,443 [WARN] PackLoader:240 - Cannot read IP mode file for STMicroelectronics.X-CUBE-NFC7.1.0.1
2025-04-04 10:37:18,473 [WARN] PackLoader:240 - Cannot read IP mode file for wolfSSL.I-CUBE-wolfTPM.3.2.0
2025-04-04 10:37:18,502 [WARN] PackLoader:240 - Cannot read IP mode file for STMicroelectronics.X-CUBE-NFC6.3.0.0
2025-04-04 10:37:18,529 [WARN] PackLoader:240 - Cannot read IP mode file for STMicroelectronics.X-CUBE-DPower.1.3.0
2025-04-04 10:37:18,556 [WARN] PackLoader:240 - Cannot read IP mode file for STMicroelectronics.X-CUBE-AI.8.1.0
2025-04-04 10:37:18,618 [WARN] ConditionMgr:438 - getConditionDescription Invalid condition id : LAN8742 Phy interface Condition cause : null
2025-04-04 10:37:18,619 [WARN] PackLoader:240 - Cannot read IP mode file for STMicroelectronics.X-CUBE-AZRTOS-L4.2.0.0
2025-04-04 10:37:18,634 [WARN] ConditionMgr:1044 - genDependencies : Invalid condition id : LAN8742 Phy interface Condition cause : null
2025-04-04 10:37:18,634 [WARN] ConditionMgr:1044 - genDependencies : Invalid condition id : LAN8742 Phy interface Condition cause : null
2025-04-04 10:37:18,635 [WARN] ConditionMgr:1044 - genDependencies : Invalid condition id : LAN8742 Phy interface Condition cause : null
2025-04-04 10:37:18,674 [WARN] PackLoader:240 - Cannot read IP mode file for STMicroelectronics.X-CUBE-SFXS2LP1.4.0.0
2025-04-04 10:37:18,738 [WARN] PackLoader:240 - Cannot read IP mode file for STMicroelectronics.X-CUBE-AZRTOS-H7.3.3.0
2025-04-04 10:37:18,785 [WARN] PackLoader:240 - Cannot read IP mode file for STMicroelectronics.X-CUBE-IPS.3.0.0
2025-04-04 10:37:18,937 [WARN] ConditionMgr:438 - getConditionDescription Invalid condition id : UX DEVICE CLASS RTOS Condition cause : null
2025-04-04 10:37:18,938 [WARN] ConditionMgr:438 - getConditionDescription Invalid condition id : UX DEVICE CLASS RTOS Condition cause : null
2025-04-04 10:37:18,952 [WARN] PackLoader:240 - Cannot read IP mode file for STMicroelectronics.X-CUBE-AZRTOS-WB.2.0.0
2025-04-04 10:37:18,953 [WARN] ConditionMgr:1044 - genDependencies : Invalid condition id : UX DEVICE CLASS RTOS Condition cause : null
2025-04-04 10:37:18,954 [WARN] ConditionMgr:1044 - genDependencies : Invalid condition id : UX DEVICE CLASS RTOS Condition cause : null
2025-04-04 10:37:18,954 [WARN] ConditionMgr:1044 - genDependencies : Invalid condition id : UX DEVICE CLASS RTOS Condition cause : null
2025-04-04 10:37:18,955 [WARN] ConditionMgr:1044 - genDependencies : Invalid condition id : UX DEVICE CLASS RTOS Condition cause : null
2025-04-04 10:37:18,955 [WARN] ConditionMgr:1044 - genDependencies : Invalid condition id : UX DEVICE CLASS RTOS Condition cause : null
2025-04-04 10:37:18,986 [WARN] PackLoader:240 - Cannot read IP mode file for STMicroelectronics.X-CUBE-GNSS1.7.0.0
2025-04-04 10:37:19,012 [WARN] PackLoader:240 - Cannot read IP mode file for STMicroelectronics.X-CUBE-GNSS1.7.0.1
2025-04-04 10:37:19,038 [WARN] PackLoader:240 - Cannot read IP mode file for STMicroelectronics.X-CUBE-TOUCHGFX.4.25.0
2025-04-04 10:37:19,068 [WARN] PackLoader:240 - Cannot read IP mode file for STMicroelectronics.FP-SNS-STBOX1.2.0.0
2025-04-04 10:37:19,106 [WARN] PackLoader:240 - Cannot read IP mode file for STMicroelectronics.X-CUBE-SUBG2.5.0.0
2025-04-04 10:37:19,166 [WARN] PackLoader:240 - Cannot read IP mode file for STMicroelectronics.X-CUBE-AZRTOS-H7RS.1.1.0
2025-04-04 10:37:19,195 [WARN] PackLoader:240 - Cannot read IP mode file for Cesanta.I-CUBE-Mongoose.7.13.0
2025-04-04 10:37:19,271 [WARN] PackLoader:240 - Cannot read IP mode file for STMicroelectronics.X-CUBE-AZRTOS-G4.2.0.0
2025-04-04 10:37:19,331 [WARN] PackLoader:240 - Cannot read IP mode file for Infineon.AIROC-Wi-Fi-Bluetooth-STM32.1.5.1
2025-04-04 10:37:19,364 [WARN] PackLoader:240 - Cannot read IP mode file for STMicroelectronics.FP-SNS-MOTENVWB1.1.3.1
2025-04-04 10:37:19,394 [WARN] PackLoader:240 - Cannot read IP mode file for STMicroelectronics.X-CUBE-ISPU.2.0.0
2025-04-04 10:37:19,434 [WARN] PackLoader:240 - Cannot read IP mode file for STMicroelectronics.X-CUBE-IPS.3.1.0
2025-04-04 10:37:19,513 [WARN] PackLoader:240 - Cannot read IP mode file for STMicroelectronics.X-CUBE-ALS.1.0.2
2025-04-04 10:37:19,646 [WARN] PackLoader:240 - Cannot read IP mode file for STMicroelectronics.X-CUBE-MEMS1.10.0.0
2025-04-04 10:37:19,872 [WARN] PackLoader:240 - Cannot read IP mode file for STMicroelectronics.X-CUBE-FREERTOS.1.1.0
2025-04-04 10:37:19,900 [WARN] PackLoader:240 - Cannot read IP mode file for STMicroelectronics.X-CUBE-TOUCHGFX.4.24.0
2025-04-04 10:37:19,927 [WARN] PackLoader:240 - Cannot read IP mode file for STMicroelectronics.X-CUBE-TOUCHGFX.4.24.2
2025-04-04 10:37:19,952 [WARN] PackLoader:240 - Cannot read IP mode file for STMicroelectronics.X-CUBE-TOUCHGFX.4.24.1
2025-04-04 10:37:19,982 [WARN] PackLoader:240 - Cannot read IP mode file for portGmbH.I-Cube-SoM-uGOAL.1.1.0
2025-04-04 10:37:20,016 [WARN] PackLoader:240 - Cannot read IP mode file for STMicroelectronics.X-CUBE-ALS.1.0.1
2025-04-04 10:37:20,092 [WARN] PackLoader:240 - Cannot read IP mode file for STMicroelectronics.X-CUBE-AZRTOS-H7RS.1.0.0
2025-04-04 10:37:20,122 [WARN] PackLoader:240 - Cannot read IP mode file for STMicroelectronics.FP-ATR-ASTRA1.2.0.0
2025-04-04 10:37:20,166 [WARN] PackLoader:240 - Cannot read IP mode file for STMicroelectronics.X-CUBE-TOF1.3.4.2
2025-04-04 10:37:20,223 [WARN] PackLoader:240 - Cannot read IP mode file for STMicroelectronics.X-CUBE-TOF1.3.4.0
2025-04-04 10:37:20,277 [WARN] PackLoader:240 - Cannot read IP mode file for STMicroelectronics.X-CUBE-TOF1.3.4.1
2025-04-04 10:37:20,377 [WARN] PackLoader:240 - Cannot read IP mode file for STMicroelectronics.X-CUBE-AZRTOS-H7.3.2.0
2025-04-04 10:37:20,408 [WARN] PackLoader:240 - Cannot read IP mode file for wolfSSL.I-CUBE-wolfSSH.1.4.17
2025-04-04 10:37:20,409 [INFO] ThirdParty:978 - Integrity check success = true
2025-04-04 10:37:20,409 [INFO] IntegrityCheckThread:100 - exiting critical section [integrity check]
2025-04-04 10:37:20,409 [INFO] IntegrityCheckThread:103 - End integrity checks thread
2025-04-04 10:37:20,423 [INFO] WebApp:463 - Apply proxy settings
2025-04-04 10:37:20,424 [INFO] WebApp:548 - Chromium requires no authentication
2025-04-04 10:37:20,442 [INFO] WebApp:491 - Direct internet connection detected
2025-04-04 10:37:20,490 [INFO] WebApp:894 - Register for checkConnection events
2025-04-04 10:37:20,490 [INFO] WebApp:463 - Apply proxy settings
2025-04-04 10:37:20,490 [INFO] WebApp:548 - Chromium requires no authentication
2025-04-04 10:37:20,492 [INFO] WebApp:491 - Direct internet connection detected
2025-04-04 10:37:20,916 [INFO] WebApp:225 - Starting web application
2025-04-04 10:37:20,917 [INFO] WebApp:593 - Web application path used C:\ST\STM32CubeIDE_1.14.1\STM32CubeIDE\plugins\com.st.stm32cube.common.mx_6.14.0.202502271554\db\plugins\mcufinder\reactClient1\index.html
2025-04-04 10:37:20,965 [INFO] WebApp:191 - Connection restablished
2025-04-04 14:52:48,898 [INFO] WebApp:194 - Connection lost
2025-04-04 14:53:04,109 [INFO] WebApp:191 - Connection restablished
2025-04-04 14:53:04,286 [INFO] WebApp:194 - Connection lost
2025-04-04 14:53:04,494 [INFO] WebApp:191 - Connection restablished
2025-04-04 16:43:10,807 [INFO] WebApp:194 - Connection lost
2025-04-04 16:43:12,362 [INFO] WebApp:191 - Connection restablished
2025-04-04 16:43:14,072 [INFO] WebApp:194 - Connection lost
2025-04-04 16:43:14,221 [INFO] WebApp:191 - Connection restablished
2025-04-04 16:43:16,366 [INFO] WebApp:194 - Connection lost
2025-04-04 16:43:16,502 [INFO] WebApp:191 - Connection restablished
2025-04-04 17:06:50,512 [INFO] WebApp:194 - Connection lost
2025-04-04 17:06:50,847 [INFO] WebApp:191 - Connection restablished
2025-04-04 17:06:57,931 [INFO] WebApp:194 - Connection lost
2025-04-04 17:06:58,050 [INFO] WebApp:191 - Connection restablished
2025-04-04 18:06:46,790 [ERROR] LogOutputStream:75 - [STDERR_REDIRECT] 
