2025-04-29 10:40:37,145 [INFO] Activator:176 - 


2025-04-29 10:40:37,159 [INFO] Activator:177 - !SESSION log4j initialized
2025-04-29 10:40:55,901 [INFO] LogOutputStream:77 - [STDOUT_REDIRECT] 
2025-04-29 10:41:03,322 [INFO] ApplicationProperties:184 - Using Application install path: C:\ST\STM32CubeIDE_1.14.1\STM32CubeIDE\plugins\com.st.stm32cube.common.mx_6.14.0.202502271554
2025-04-29 10:41:03,360 [INFO] DbMcusXml:78 - Set database path to: C:\ST\STM32CubeIDE_1.14.1\STM32CubeIDE\plugins\com.st.stm32cube.common.mx_6.14.0.202502271554\\db\/mcu/
2025-04-29 10:41:03,360 [INFO] ApiDb:274 - Set plugin database path to: C:\ST\STM32CubeIDE_1.14.1\STM32CubeIDE\plugins\com.st.stm32cube.common.mx_6.14.0.202502271554\\db\/plugins/boardmanager/
2025-04-29 10:41:03,361 [WARN] ApiDb:259 - Overriding images path with different value:  => C:\ST\STM32CubeIDE_1.14.1\STM32CubeIDE\plugins\com.st.stm32cube.common.mx_6.14.0.202502271554\\db\/plugins/mcufinder/images/
2025-04-29 10:41:03,382 [INFO] ApiDb:250 - Set database path to: C:\Users\dramos\.stmcufinder\plugins\mcufinder//mcu/
2025-04-29 10:41:03,385 [INFO] DbMcusAds:125 - Set database path to: C:\Users\dramos\.stmcufinder\plugins\mcufinder//mcu/
2025-04-29 10:41:03,389 [INFO] CrossReferenceDbSqlite:203 - Set database path to: C:\Users\dramos\.stmcufinder\plugins\mcufinder//mcu/cs/
2025-04-29 10:41:03,629 [INFO] RulesReader:64 - Compatibility file has been processed (301 Rules)
2025-04-29 10:41:03,815 [INFO] DbMcusXml:78 - Set database path to: C:\ST\STM32CubeIDE_1.14.1\STM32CubeIDE\plugins\com.st.stm32cube.common.mx_6.14.0.202502271554\\db\/mcu/
2025-04-29 10:41:03,815 [INFO] ApiDb:274 - Set plugin database path to: C:\ST\STM32CubeIDE_1.14.1\STM32CubeIDE\plugins\com.st.stm32cube.common.mx_6.14.0.202502271554\\db\/plugins/boardmanager/
2025-04-29 10:41:03,816 [INFO] ApiDb:261 - Set plugin images path to: C:\ST\STM32CubeIDE_1.14.1\STM32CubeIDE\plugins\com.st.stm32cube.common.mx_6.14.0.202502271554\\db\/plugins/mcufinder/images/
2025-04-29 10:41:03,816 [WARN] DbFile:41 - Overriding database path with different value: C:\Users\dramos\.stmcufinder\plugins\mcufinder/ => C:\Users\dramos\.stmcufinder\plugins\mcufinder
2025-04-29 10:41:03,816 [INFO] ApiDb:250 - Set database path to: C:\Users\dramos\.stmcufinder\plugins\mcufinder//mcu/
2025-04-29 10:41:03,817 [WARN] DbFile:41 - Overriding database path with different value: C:\Users\dramos\.stmcufinder\plugins\mcufinder/ => C:\Users\dramos\.stmcufinder\plugins\mcufinder
2025-04-29 10:41:03,817 [INFO] DbMcusAds:125 - Set database path to: C:\Users\dramos\.stmcufinder\plugins\mcufinder//mcu/
2025-04-29 10:41:03,817 [WARN] DbFile:41 - Overriding database path with different value: C:\Users\dramos\.stmcufinder\plugins\mcufinder/ => C:\Users\dramos\.stmcufinder\plugins\mcufinder
2025-04-29 10:41:03,817 [WARN] DbFile:41 - Overriding database path with different value: C:\Users\dramos\.stmcufinder\plugins\mcufinder/ => C:\Users\dramos\.stmcufinder\plugins\mcufinder
2025-04-29 10:41:03,817 [INFO] CrossReferenceDbSqlite:203 - Set database path to: C:\Users\dramos\.stmcufinder\plugins\mcufinder//mcu/cs/
2025-04-29 10:41:04,021 [INFO] MainPanel:272 - HeapMemory: 268435456
2025-04-29 10:41:04,310 [INFO] DbMcusXml:78 - Set database path to: C:\ST\STM32CubeIDE_1.14.1\STM32CubeIDE\plugins\com.st.stm32cube.common.mx_6.14.0.202502271554\\db\/mcu/
2025-04-29 10:41:04,311 [INFO] ApiDb:274 - Set plugin database path to: C:\ST\STM32CubeIDE_1.14.1\STM32CubeIDE\plugins\com.st.stm32cube.common.mx_6.14.0.202502271554\\db\/plugins/boardmanager/
2025-04-29 10:41:04,311 [INFO] ApiDb:261 - Set plugin images path to: C:\ST\STM32CubeIDE_1.14.1\STM32CubeIDE\plugins\com.st.stm32cube.common.mx_6.14.0.202502271554\\db\/plugins/mcufinder/images/
2025-04-29 10:41:04,312 [WARN] DbFile:41 - Overriding database path with different value: C:\Users\dramos\.stmcufinder\plugins\mcufinder/ => C:\Users\dramos\.stmcufinder\plugins\mcufinder
2025-04-29 10:41:04,312 [INFO] ApiDb:250 - Set database path to: C:\Users\dramos\.stmcufinder\plugins\mcufinder//mcu/
2025-04-29 10:41:04,313 [WARN] DbFile:41 - Overriding database path with different value: C:\Users\dramos\.stmcufinder\plugins\mcufinder/ => C:\Users\dramos\.stmcufinder\plugins\mcufinder
2025-04-29 10:41:04,313 [INFO] DbMcusAds:125 - Set database path to: C:\Users\dramos\.stmcufinder\plugins\mcufinder//mcu/
2025-04-29 10:41:04,315 [WARN] DbFile:41 - Overriding database path with different value: C:\Users\dramos\.stmcufinder\plugins\mcufinder/ => C:\Users\dramos\.stmcufinder\plugins\mcufinder
2025-04-29 10:41:04,323 [WARN] DbFile:41 - Overriding database path with different value: C:\Users\dramos\.stmcufinder\plugins\mcufinder/ => C:\Users\dramos\.stmcufinder\plugins\mcufinder
2025-04-29 10:41:04,323 [INFO] CrossReferenceDbSqlite:203 - Set database path to: C:\Users\dramos\.stmcufinder\plugins\mcufinder//mcu/cs/
2025-04-29 10:41:04,369 [INFO] ApplicationProperties:184 - Using Application install path: C:\ST\STM32CubeIDE_1.14.1\STM32CubeIDE\plugins\com.st.stm32cube.common.mx_6.14.0.202502271554
2025-04-29 10:41:04,371 [INFO] PluginManage:196 - Search for loadable plugins [exclusion list=, ]
2025-04-29 10:41:04,375 [INFO] PluginManage:310 - Check plugin analytics
2025-04-29 10:41:09,225 [INFO] AnalyticsPlugin:253 - Accepted Software Licenses: 
2025-04-29 10:41:09,226 [INFO] AnalyticsPlugin:255 - Accepted CMSIS Pack Licenses: 
2025-04-29 10:41:09,226 [INFO] AnalyticsPlugin:257 - Accepted Firmware Licenses: FW.F4.1.28.0
2025-04-29 10:41:09,231 [INFO] PluginManage:359 - Loaded plugin analytics (category:tool,tabindex:-1)
2025-04-29 10:41:09,231 [INFO] PluginManage:310 - Check plugin cadmodel
2025-04-29 10:41:09,267 [INFO] CADModel:105 - Init CAD model plugin
2025-04-29 10:41:09,268 [INFO] PluginManage:359 - Loaded plugin cadmodel (category:power,tabindex:5)
2025-04-29 10:41:09,268 [INFO] PluginManage:310 - Check plugin clock
2025-04-29 10:41:09,314 [INFO] PluginManage:359 - Loaded plugin clock (category:base,tabindex:2)
2025-04-29 10:41:09,314 [INFO] PluginManage:310 - Check plugin ddr
2025-04-29 10:41:09,319 [INFO] PluginManage:359 - Loaded plugin ddr (category:tool,tabindex:6)
2025-04-29 10:41:09,319 [INFO] PluginManage:310 - Check plugin filemanager
2025-04-29 10:41:09,567 [INFO] PluginManage:359 - Loaded plugin filemanager (category:base,tabindex:10)
2025-04-29 10:41:09,567 [INFO] PluginManage:310 - Check plugin ipmanager
2025-04-29 10:41:09,580 [INFO] PluginManage:359 - Loaded plugin ipmanager (category:base,tabindex:5)
2025-04-29 10:41:09,582 [INFO] PluginManage:310 - Check plugin lpbam
2025-04-29 10:41:09,628 [INFO] PluginManage:359 - Loaded plugin lpbam (category:base,tabindex:0)
2025-04-29 10:41:09,629 [INFO] PluginManage:310 - Check plugin memorymap
2025-04-29 10:41:09,725 [INFO] PluginManage:359 - Loaded plugin memorymap (category:base,tabindex:4)
2025-04-29 10:41:09,725 [INFO] PluginManage:310 - Check plugin pinoutandconfiguration
2025-04-29 10:41:09,766 [INFO] PluginManage:359 - Loaded plugin pinoutandconfiguration (category:base,tabindex:1)
2025-04-29 10:41:09,766 [INFO] PluginManage:310 - Check plugin pinoutconfig
2025-04-29 10:41:09,946 [WARN] SupportedApi:132 - Cannot load RTOS API schema: s4s-elt-must-match.1: The content of 'definitions' must match (annotation?, (simpleType | complexType)?, (unique | key | keyref)*)). A problem was found starting at: attribute.
2025-04-29 10:41:10,279 [INFO] PluginManage:359 - Loaded plugin pinoutconfig (category:base,tabindex:0)
2025-04-29 10:41:10,280 [INFO] PluginManage:310 - Check plugin power
2025-04-29 10:41:10,323 [INFO] PluginManage:359 - Loaded plugin power (category:power,tabindex:4)
2025-04-29 10:41:10,324 [INFO] PluginManage:310 - Check plugin projectmanager
2025-04-29 10:41:10,350 [INFO] PluginManage:359 - Loaded plugin projectmanager (category:projectmanager,tabindex:4)
2025-04-29 10:41:10,351 [INFO] PluginManage:310 - Check plugin rif
2025-04-29 10:41:10,394 [INFO] PluginManage:359 - Loaded plugin rif (category:base,tabindex:3)
2025-04-29 10:41:10,395 [INFO] PluginManage:310 - Check plugin thirdparty
2025-04-29 10:41:10,991 [INFO] PluginManage:359 - Loaded plugin thirdparty (category:base,tabindex:-1)
2025-04-29 10:41:10,991 [WARN] IntegrityCheckThread:84 - waiting for thirdparty lock release [integrity check]
2025-04-29 10:41:10,991 [INFO] PluginManage:310 - Check plugin tools
2025-04-29 10:41:10,991 [INFO] IntegrityCheckThread:86 - entering critical section [integrity check]
2025-04-29 10:41:10,992 [INFO] ThirdPartyUpdaterWithRetryManager:70 - Updater plugin not ready yet. [1/15]
2025-04-29 10:41:11,094 [INFO] PluginManage:359 - Loaded plugin tools (category:base,tabindex:7)
2025-04-29 10:41:11,094 [INFO] PluginManage:310 - Check plugin tutovideos
2025-04-29 10:41:11,471 [INFO] PluginManage:359 - Loaded plugin tutovideos (category:base,tabindex:-1)
2025-04-29 10:41:11,472 [INFO] PluginManage:310 - Check plugin updater
2025-04-29 10:41:11,515 [INFO] PluginManage:359 - Loaded plugin updater (category:base,tabindex:12)
2025-04-29 10:41:11,515 [INFO] PluginManage:310 - Check plugin userauth
2025-04-29 10:41:11,523 [INFO] UserAuth:118 - Init User Auth plugin
2025-04-29 10:41:11,525 [INFO] PluginManage:359 - Loaded plugin userauth (category:base,tabindex:14)
2025-04-29 10:41:11,525 [INFO] PluginManage:283 - PluginManage : Loaded plugins [18]
2025-04-29 10:41:11,959 [INFO] PinOutPanel:1589 - setPackage(No Configuration,No Configuration)
2025-04-29 10:41:12,161 [INFO] CADModel:165 - CPN selected for project level
2025-04-29 10:41:12,161 [INFO] CADModel:114 - Register for checkConnection events
2025-04-29 10:41:12,223 [INFO] IPUIPlugin:80 - create IPUIPlugin
2025-04-29 10:41:12,224 [INFO] PluginManager:220 - loadIPPluginJar : add adc
2025-04-29 10:41:12,325 [INFO] IPUIPlugin:80 - create IPUIPlugin
2025-04-29 10:41:12,326 [INFO] PluginManager:220 - loadIPPluginJar : add aes
2025-04-29 10:41:12,451 [INFO] IPUIPlugin:80 - create IPUIPlugin
2025-04-29 10:41:12,451 [INFO] PluginManager:220 - loadIPPluginJar : add can
2025-04-29 10:41:12,519 [INFO] IPUIPlugin:80 - create IPUIPlugin
2025-04-29 10:41:12,520 [INFO] PluginManager:220 - loadIPPluginJar : add comp
2025-04-29 10:41:12,622 [INFO] IPUIPlugin:80 - create IPUIPlugin
2025-04-29 10:41:12,623 [INFO] PluginManager:220 - loadIPPluginJar : add cryp
2025-04-29 10:41:12,652 [INFO] IPUIPlugin:80 - create IPUIPlugin
2025-04-29 10:41:12,652 [INFO] PluginManager:220 - loadIPPluginJar : add ddr_ctrl_phy
2025-04-29 10:41:12,735 [INFO] IPUIPlugin:80 - create IPUIPlugin
2025-04-29 10:41:12,736 [INFO] PluginManager:220 - loadIPPluginJar : add dfsdm
2025-04-29 10:41:12,766 [INFO] IPUIPlugin:80 - create IPUIPlugin
2025-04-29 10:41:12,768 [INFO] PluginManager:220 - loadIPPluginJar : add dma
2025-04-29 10:41:12,907 [INFO] IPUIPlugin:80 - create IPUIPlugin
2025-04-29 10:41:12,908 [INFO] PluginManager:220 - loadIPPluginJar : add dma3
2025-04-29 10:41:13,080 [INFO] IPUIPlugin:80 - create IPUIPlugin
2025-04-29 10:41:13,081 [INFO] PluginManager:220 - loadIPPluginJar : add extmemmanager
2025-04-29 10:41:13,136 [INFO] IPUIPlugin:80 - create IPUIPlugin
2025-04-29 10:41:13,136 [INFO] PluginManager:220 - loadIPPluginJar : add fatfs
2025-04-29 10:41:13,267 [INFO] IPUIPlugin:80 - create IPUIPlugin
2025-04-29 10:41:13,267 [INFO] PluginManager:220 - loadIPPluginJar : add fmc
2025-04-29 10:41:13,302 [INFO] IPUIPlugin:80 - create IPUIPlugin
2025-04-29 10:41:13,303 [INFO] PluginManager:220 - loadIPPluginJar : add freertos
2025-04-29 10:41:13,364 [INFO] IPUIPlugin:80 - create IPUIPlugin
2025-04-29 10:41:13,364 [INFO] PluginManager:220 - loadIPPluginJar : add genericplugin
2025-04-29 10:41:13,683 [INFO] IPUIPlugin:80 - create IPUIPlugin
2025-04-29 10:41:13,683 [INFO] PluginManager:220 - loadIPPluginJar : add gfxmmu
2025-04-29 10:41:13,993 [INFO] ThirdPartyUpdaterWithRetryManager:70 - Updater plugin not ready yet. [2/15]
2025-04-29 10:41:14,055 [INFO] IPUIPlugin:80 - create IPUIPlugin
2025-04-29 10:41:14,055 [INFO] PluginManager:220 - loadIPPluginJar : add gic
2025-04-29 10:41:14,086 [INFO] IPUIPlugin:80 - create IPUIPlugin
2025-04-29 10:41:14,086 [INFO] PluginManager:220 - loadIPPluginJar : add gpio
2025-04-29 10:41:14,331 [INFO] IPUIPlugin:80 - create IPUIPlugin
2025-04-29 10:41:14,331 [INFO] PluginManager:220 - loadIPPluginJar : add gtzc
2025-04-29 10:41:14,424 [INFO] IPUIPlugin:80 - create IPUIPlugin
2025-04-29 10:41:14,424 [INFO] PluginManager:220 - loadIPPluginJar : add hash
2025-04-29 10:41:14,571 [INFO] IPUIPlugin:80 - create IPUIPlugin
2025-04-29 10:41:14,571 [INFO] PluginManager:220 - loadIPPluginJar : add i2c
2025-04-29 10:41:14,690 [INFO] IPUIPlugin:80 - create IPUIPlugin
2025-04-29 10:41:14,691 [INFO] PluginManager:220 - loadIPPluginJar : add i2s
2025-04-29 10:41:14,838 [INFO] IPUIPlugin:80 - create IPUIPlugin
2025-04-29 10:41:14,839 [INFO] PluginManager:220 - loadIPPluginJar : add i3c
2025-04-29 10:41:15,131 [INFO] IPUIPlugin:80 - create IPUIPlugin
2025-04-29 10:41:15,132 [INFO] PluginManager:220 - loadIPPluginJar : add ipddr
2025-04-29 10:41:15,417 [INFO] IPUIPlugin:80 - create IPUIPlugin
2025-04-29 10:41:15,418 [INFO] PluginManager:220 - loadIPPluginJar : add linkedlist
2025-04-29 10:41:15,529 [INFO] IPUIPlugin:80 - create IPUIPlugin
2025-04-29 10:41:15,529 [INFO] PluginManager:220 - loadIPPluginJar : add lorawan
2025-04-29 10:41:15,643 [INFO] IPUIPlugin:80 - create IPUIPlugin
2025-04-29 10:41:15,643 [INFO] PluginManager:220 - loadIPPluginJar : add ltdc
2025-04-29 10:41:15,677 [INFO] IPUIPlugin:80 - create IPUIPlugin
2025-04-29 10:41:15,677 [INFO] PluginManager:220 - loadIPPluginJar : add mdma
2025-04-29 10:41:15,708 [INFO] IPUIPlugin:80 - create IPUIPlugin
2025-04-29 10:41:15,708 [INFO] PluginManager:220 - loadIPPluginJar : add nvic
2025-04-29 10:41:15,827 [INFO] IPUIPlugin:80 - create IPUIPlugin
2025-04-29 10:41:15,827 [INFO] PluginManager:220 - loadIPPluginJar : add opamp
2025-04-29 10:41:16,021 [INFO] IPUIPlugin:80 - create IPUIPlugin
2025-04-29 10:41:16,022 [INFO] PluginManager:220 - loadIPPluginJar : add openamp
2025-04-29 10:41:16,143 [INFO] IPUIPlugin:80 - create IPUIPlugin
2025-04-29 10:41:16,143 [INFO] PluginManager:220 - loadIPPluginJar : add pdm2pcm
2025-04-29 10:41:16,182 [INFO] IPUIPlugin:80 - create IPUIPlugin
2025-04-29 10:41:16,186 [INFO] PluginManager:220 - loadIPPluginJar : add plateformsettings
2025-04-29 10:41:16,251 [INFO] IPUIPlugin:80 - create IPUIPlugin
2025-04-29 10:41:16,251 [INFO] PluginManager:220 - loadIPPluginJar : add quadspi
2025-04-29 10:41:16,340 [INFO] IPUIPlugin:80 - create IPUIPlugin
2025-04-29 10:41:16,341 [INFO] PluginManager:220 - loadIPPluginJar : add radio
2025-04-29 10:41:16,377 [INFO] IPUIPlugin:80 - create IPUIPlugin
2025-04-29 10:41:16,378 [INFO] PluginManager:220 - loadIPPluginJar : add resmgrutility
2025-04-29 10:41:16,554 [INFO] IPUIPlugin:80 - create IPUIPlugin
2025-04-29 10:41:16,555 [INFO] PluginManager:220 - loadIPPluginJar : add sai
2025-04-29 10:41:16,673 [INFO] IPUIPlugin:80 - create IPUIPlugin
2025-04-29 10:41:16,673 [INFO] PluginManager:220 - loadIPPluginJar : add spi
2025-04-29 10:41:16,883 [INFO] IPUIPlugin:80 - create IPUIPlugin
2025-04-29 10:41:16,884 [INFO] PluginManager:220 - loadIPPluginJar : add stm32_wpan
2025-04-29 10:41:16,956 [INFO] IPUIPlugin:80 - create IPUIPlugin
2025-04-29 10:41:16,956 [INFO] PluginManager:220 - loadIPPluginJar : add tim
2025-04-29 10:41:16,996 [INFO] ThirdPartyUpdaterWithRetryManager:70 - Updater plugin not ready yet. [3/15]
2025-04-29 10:41:17,128 [INFO] IPUIPlugin:80 - create IPUIPlugin
2025-04-29 10:41:17,128 [INFO] PluginManager:220 - loadIPPluginJar : add touchsensing
2025-04-29 10:41:17,198 [INFO] IPUIPlugin:80 - create IPUIPlugin
2025-04-29 10:41:17,198 [INFO] PluginManager:220 - loadIPPluginJar : add tracer_emb
2025-04-29 10:41:17,263 [INFO] IPUIPlugin:80 - create IPUIPlugin
2025-04-29 10:41:17,264 [INFO] PluginManager:220 - loadIPPluginJar : add ts
2025-04-29 10:41:17,334 [INFO] IPUIPlugin:80 - create IPUIPlugin
2025-04-29 10:41:17,334 [INFO] PluginManager:220 - loadIPPluginJar : add tsc
2025-04-29 10:41:17,402 [INFO] IPUIPlugin:80 - create IPUIPlugin
2025-04-29 10:41:17,402 [INFO] PluginManager:220 - loadIPPluginJar : add ucpd
2025-04-29 10:41:17,534 [INFO] IPUIPlugin:80 - create IPUIPlugin
2025-04-29 10:41:17,534 [INFO] PluginManager:220 - loadIPPluginJar : add usart
2025-04-29 10:41:17,675 [INFO] IPUIPlugin:80 - create IPUIPlugin
2025-04-29 10:41:17,675 [INFO] PluginManager:220 - loadIPPluginJar : add usbx
2025-04-29 10:41:17,862 [FATAL] Updater:351 - Updater called before beeing initialized
2025-04-29 10:41:17,924 [INFO] RulesReader:64 - Compatibility file has been processed (301 Rules)
2025-04-29 10:41:17,950 [INFO] RulesReader:64 - Compatibility file has been processed (301 Rules)
2025-04-29 10:41:17,965 [INFO] CADModel:165 - CPN selected for project level
2025-04-29 10:41:17,965 [INFO] CADModel:114 - Register for checkConnection events
2025-04-29 10:41:17,965 [FATAL] Updater:351 - Updater called before beeing initialized
2025-04-29 10:41:17,965 [ERROR] CADModel:125 - Updater not yet initialized, retry later 
2025-04-29 10:41:18,211 [FATAL] Updater:351 - Updater called before beeing initialized
2025-04-29 10:41:18,214 [INFO] CADModel:165 - CPN selected for project level
2025-04-29 10:41:18,215 [INFO] CADModel:114 - Register for checkConnection events
2025-04-29 10:41:18,215 [FATAL] Updater:351 - Updater called before beeing initialized
2025-04-29 10:41:18,215 [ERROR] CADModel:125 - Updater not yet initialized, retry later 
2025-04-29 10:41:18,220 [FATAL] Updater:351 - Updater called before beeing initialized
2025-04-29 10:41:18,419 [FATAL] Updater:351 - Updater called before beeing initialized
2025-04-29 10:41:18,442 [INFO] DbMcusAds:53 - JSON generation date=Thu Mar 06 11:54:21 ART 2025 (1741272861825)
2025-04-29 10:41:18,443 [FATAL] Updater:351 - Updater called before beeing initialized
2025-04-29 10:41:18,516 [WARN] DetailPanel:346 - Failed to get advertising image, set to default
2025-04-29 10:41:18,992 [FATAL] Updater:351 - Updater called before beeing initialized
2025-04-29 10:41:18,996 [FATAL] Updater:351 - Updater called before beeing initialized
2025-04-29 10:41:18,996 [FATAL] Updater:351 - Updater called before beeing initialized
2025-04-29 10:41:18,996 [WARN] DetailPanel:346 - Failed to get advertising image, set to default
2025-04-29 10:41:18,997 [FATAL] Updater:351 - Updater called before beeing initialized
2025-04-29 10:41:19,129 [ERROR] Updater:1198 - MainUpdater not yet initialized. External WinMGr cannot be set.
2025-04-29 10:41:19,154 [INFO] Updater:1134 - Updater Version found : 6.14.0
2025-04-29 10:41:19,189 [INFO] ApplicationProperties:184 - Using Application install path: C:\ST\STM32CubeIDE_1.14.1\STM32CubeIDE\plugins\com.st.stm32cube.common.mx_6.14.0.202502271554
2025-04-29 10:41:19,996 [INFO] ThirdPartyUpdaterWithRetryManager:70 - Updater plugin not ready yet. [4/15]
2025-04-29 10:41:20,807 [ERROR] LogOutputStream:75 - [STDERR_REDIRECT] Apr 29, 2025 10:41:20 AM java.util.prefs.WindowsPreferences <init>
2025-04-29 10:41:20,810 [ERROR] LogOutputStream:75 - [STDERR_REDIRECT] WARNING: Could not open/create prefs root node Software\JavaSoft\Prefs at root 0xffffffff80000002. Windows RegCreateKeyEx(...) returned error code 5.
2025-04-29 10:41:20,811 [ERROR] LogOutputStream:75 - [STDERR_REDIRECT] 
2025-04-29 10:41:21,456 [INFO] MainUpdater:2872 - connection check result : 10
2025-04-29 10:41:21,457 [INFO] MainUpdater:289 - Updater Check For Update Now.
2025-04-29 10:41:21,457 [INFO] MicroXplorer:498 - Change Database Version : DB.6.0.140
2025-04-29 10:41:21,574 [INFO] McuFinderGlobals:63 - Set McuFinder mode to 2 (CubeIDE integrated)
2025-04-29 10:41:21,575 [INFO] UserAuth:171 - activating auth plugin
2025-04-29 10:41:21,580 [INFO] UserAuth:486 - Internet connection configuration mode: 1
2025-04-29 10:41:21,644 [INFO] JxBrowserEngine:152 - Initiate JxBrowser Engine with user profile folder
2025-04-29 10:41:21,893 [INFO] CheckServerUpdateThread:120 - End of CheckServer Thread
2025-04-29 10:41:23,997 [WARN] PackLoader:240 - Cannot read IP mode file for STMicroelectronics.FP-SNS-MOTENVWB1.1.4.0
2025-04-29 10:41:24,044 [WARN] PackLoader:240 - Cannot read IP mode file for STMicroelectronics.FP-ATR-ASTRA1.2.0.2
2025-04-29 10:41:24,088 [WARN] PackLoader:240 - Cannot read IP mode file for STMicroelectronics.FP-ATR-ASTRA1.2.0.1
2025-04-29 10:41:24,187 [WARN] PackLoader:240 - Cannot read IP mode file for STMicroelectronics.X-CUBE-SMBUS.2.1.0
2025-04-29 10:41:24,200 [INFO] WebApp:169 - Instantiating new browser for Auth
2025-04-29 10:41:24,298 [WARN] PackLoader:240 - Cannot read IP mode file for STMicroelectronics.X-CUBE-WB05N.1.1.0
2025-04-29 10:41:24,377 [WARN] PackLoader:240 - Cannot read IP mode file for STMicroelectronics.X-CUBE-TOUCHGFX.4.23.0
2025-04-29 10:41:24,576 [WARN] PackLoader:240 - Cannot read IP mode file for STMicroelectronics.X-CUBE-AZRTOS-F7.1.1.0
2025-04-29 10:41:24,772 [WARN] PackLoader:240 - Cannot read IP mode file for STMicroelectronics.FP-SNS-MOTENV1.4.3.2
2025-04-29 10:41:25,120 [WARN] PackLoader:240 - Cannot read IP mode file for STMicroelectronics.X-CUBE-MEMS1.11.0.0
2025-04-29 10:41:25,780 [WARN] PackLoader:240 - Cannot read IP mode file for STMicroelectronics.FP-SNS-FLIGHT1.5.0.2
2025-04-29 10:41:25,816 [WARN] PackLoader:240 - Cannot read IP mode file for STMicroelectronics.X-CUBE-DISPLAY.3.0.0
2025-04-29 10:41:25,887 [WARN] PackLoader:240 - Cannot read IP mode file for STMicroelectronics.X-CUBE-BLE1.7.0.0
2025-04-29 10:41:25,931 [WARN] PackLoader:240 - Cannot read IP mode file for STMicroelectronics.X-CUBE-NFC10.1.0.0
2025-04-29 10:41:25,981 [WARN] PackLoader:240 - Cannot read IP mode file for STMicroelectronics.X-CUBE-BLEMGR.4.0.0
2025-04-29 10:41:26,017 [WARN] PackLoader:240 - Cannot read IP mode file for emotas.I-CUBE-CANOPEN.1.3.0
2025-04-29 10:41:26,089 [WARN] PackLoader:240 - Cannot read IP mode file for STMicroelectronics.X-CUBE-BLEMGR.3.1.0
2025-04-29 10:41:26,138 [WARN] PackLoader:240 - Cannot read IP mode file for STMicroelectronics.X-CUBE-AI.10.0.0
2025-04-29 10:41:26,179 [WARN] PackLoader:240 - Cannot read IP mode file for STMicroelectronics.FP-SNS-SMARTAG2.1.2.0
2025-04-29 10:41:26,207 [WARN] PackLoader:240 - Cannot read IP mode file for STMicroelectronics.FP-SNS-FLIGHT1.5.1.0
2025-04-29 10:41:26,456 [WARN] PackLoader:240 - Cannot read IP mode file for STMicroelectronics.X-CUBE-MEMS1.11.1.0
2025-04-29 10:41:27,168 [INFO] WebApp:463 - Apply proxy settings
2025-04-29 10:41:27,169 [INFO] WebApp:548 - Chromium requires no authentication
2025-04-29 10:41:27,190 [INFO] WebApp:491 - Direct internet connection detected
2025-04-29 10:41:27,201 [INFO] LogOutputStream:77 - [STDOUT_REDIRECT] 1 : Invalid condition id : UX_CORESTACK_Condition cause : null
2025-04-29 10:41:27,202 [INFO] LogOutputStream:77 - [STDOUT_REDIRECT] 1 : Invalid condition id : UX_CORESTACK_Condition cause : null
2025-04-29 10:41:27,206 [INFO] LogOutputStream:77 - [STDOUT_REDIRECT] 1 : Invalid condition id : UX_CORESTACK_Condition cause : null
2025-04-29 10:41:27,208 [INFO] LogOutputStream:77 - [STDOUT_REDIRECT] 1 : Invalid condition id : UX_CORESTACK_Condition cause : null
2025-04-29 10:41:27,210 [INFO] LogOutputStream:77 - [STDOUT_REDIRECT] 1 : Invalid condition id : UX_CORESTACK_Condition cause : null
2025-04-29 10:41:27,215 [WARN] PackLoader:240 - Cannot read IP mode file for STMicroelectronics.X-CUBE-AZRTOS-WL.2.0.0
2025-04-29 10:41:27,245 [WARN] PackLoader:240 - Cannot read IP mode file for STMicroelectronics.FP-SNS-MOTENV1.5.0.0
2025-04-29 10:41:27,312 [INFO] WebApp:894 - Register for checkConnection events
2025-04-29 10:41:27,312 [INFO] WebApp:463 - Apply proxy settings
2025-04-29 10:41:27,313 [INFO] WebApp:548 - Chromium requires no authentication
2025-04-29 10:41:27,314 [WARN] PackLoader:240 - Cannot read IP mode file for wolfSSL.I-CUBE-wolfMQTT.1.19.0
2025-04-29 10:41:27,315 [INFO] WebApp:491 - Direct internet connection detected
2025-04-29 10:41:27,371 [WARN] PackLoader:240 - Cannot read IP mode file for WES.I-CUBE-Cesium.1.3.0
2025-04-29 10:41:27,401 [WARN] PackLoader:240 - Cannot read IP mode file for STMicroelectronics.X-CUBE-BLE2.3.3.0
2025-04-29 10:41:27,433 [WARN] PackLoader:240 - Cannot read IP mode file for STMicroelectronics.X-CUBE-NFC9.1.0.0
2025-04-29 10:41:27,478 [WARN] PackLoader:240 - Cannot read IP mode file for STMicroelectronics.X-CUBE-BLE1.7.1.0
2025-04-29 10:41:27,545 [WARN] PackLoader:240 - Cannot read IP mode file for STMicroelectronics.X-CUBE-TCPP.4.1.0
2025-04-29 10:41:27,582 [WARN] PackLoader:240 - Cannot read IP mode file for STMicroelectronics.X-CUBE-ALGOBUILD.1.3.0
2025-04-29 10:41:27,768 [WARN] PackLoader:240 - Cannot read IP mode file for STMicroelectronics.X-CUBE-MEMS1.11.2.0
2025-04-29 10:41:27,853 [INFO] WebApp:191 - Connection restablished
2025-04-29 10:41:27,978 [INFO] WebApp:225 - Starting web application
2025-04-29 10:41:27,978 [INFO] WebApp:593 - Web application path used C:\ST\STM32CubeIDE_1.14.1\STM32CubeIDE\plugins\com.st.stm32cube.common.mx_6.14.0.202502271554\db\plugins\mcufinder\reactClient1\index.html
2025-04-29 10:41:28,692 [WARN] PackLoader:240 - Cannot read IP mode file for STMicroelectronics.X-CUBE-AZRTOS-G0.1.1.0
2025-04-29 10:41:29,126 [WARN] PackLoader:240 - Cannot read IP mode file for STMicroelectronics.X-CUBE-SAFEA1.1.2.2
2025-04-29 10:41:29,268 [WARN] PackLoader:240 - Cannot read IP mode file for STMicroelectronics.X-CUBE-NFC4.3.0.0
2025-04-29 10:41:29,309 [WARN] PackLoader:240 - Cannot read IP mode file for EmbeddedOffice.I-CUBE-FS-RTOS.1.0.1
2025-04-29 10:41:29,342 [WARN] PackLoader:240 - Cannot read IP mode file for STMicroelectronics.X-CUBE-WB05N.2.0.0
2025-04-29 10:41:29,376 [WARN] PackLoader:240 - Cannot read IP mode file for STMicroelectronics.X-CUBE-TCPP.4.2.0
2025-04-29 10:41:29,414 [WARN] PackLoader:240 - Cannot read IP mode file for RealThread.X-CUBE-RT-Thread_Nano.4.1.1
2025-04-29 10:41:29,458 [WARN] PackLoader:240 - Cannot read IP mode file for STMicroelectronics.FP-ATR-SIGFOX1.3.2.0
2025-04-29 10:41:29,519 [WARN] ConditionMgr:438 - getConditionDescription Invalid condition id : Cortex-A Device cause : null
2025-04-29 10:41:29,655 [WARN] ConditionMgr:1044 - genDependencies : Invalid condition id : Cortex-A Device cause : null
2025-04-29 10:41:29,655 [WARN] ConditionMgr:1044 - genDependencies : Invalid condition id : Cortex-A Device cause : null
2025-04-29 10:41:29,655 [WARN] ConditionMgr:1044 - genDependencies : Invalid condition id : Cortex-A Device cause : null
2025-04-29 10:41:29,850 [WARN] PackLoader:240 - Cannot read IP mode file for STMicroelectronics.X-CUBE-EEPRMA1.5.1.0
2025-04-29 10:41:29,936 [WARN] PackLoader:240 - Cannot read IP mode file for SEGGER.I-CUBE-embOS.1.3.1
2025-04-29 10:41:30,010 [WARN] PackLoader:240 - Cannot read IP mode file for STMicroelectronics.X-CUBE-ALGOBUILD.1.4.0
2025-04-29 10:41:30,050 [WARN] PackLoader:240 - Cannot read IP mode file for STMicroelectronics.X-CUBE-AI.9.1.0
2025-04-29 10:41:30,095 [WARN] PackLoader:240 - Cannot read IP mode file for STMicroelectronics.X-CUBE-GNSS1.6.0.0
2025-04-29 10:41:30,167 [WARN] PackLoader:240 - Cannot read IP mode file for STMicroelectronics.X-CUBE-AZRTOS-F4.1.1.0
2025-04-29 10:41:30,202 [WARN] PackLoader:240 - Cannot read IP mode file for Avnet-IotConnect.X-CUBE-IoTC-DA16k-PMOD.1.0.0
2025-04-29 10:41:30,237 [WARN] PackLoader:240 - Cannot read IP mode file for STMicroelectronics.X-CUBE-ISPU.2.1.0
2025-04-29 10:41:30,265 [WARN] PackLoader:240 - Cannot read IP mode file for STMicroelectronics.X-CUBE-FREERTOS.1.2.0
2025-04-29 10:41:30,293 [WARN] PackLoader:240 - Cannot read IP mode file for wolfSSL.I-CUBE-wolfSSL.5.6.6
2025-04-29 10:41:30,344 [WARN] PackLoader:240 - Cannot read IP mode file for STMicroelectronics.X-CUBE-AZRTOS-L5.2.0.0
2025-04-29 10:41:30,378 [WARN] PackLoader:240 - Cannot read IP mode file for STMicroelectronics.X-CUBE-NFC6.3.1.0
2025-04-29 10:41:30,411 [WARN] PackLoader:240 - Cannot read IP mode file for ITTIA_DB.I-CUBE-ITTIADB.8.8.0
2025-04-29 10:41:30,440 [WARN] PackLoader:240 - Cannot read IP mode file for STMicroelectronics.X-CUBE-DPower.1.2.0
2025-04-29 10:41:30,465 [WARN] PackLoader:240 - Cannot read IP mode file for STMicroelectronics.X-CUBE-AI.9.0.0
2025-04-29 10:41:30,497 [WARN] PackLoader:240 - Cannot read IP mode file for STMicroelectronics.X-CUBE-FREERTOS.1.3.0
2025-04-29 10:41:30,531 [WARN] PackLoader:240 - Cannot read IP mode file for STMicroelectronics.X-CUBE-NFC7.1.0.1
2025-04-29 10:41:30,566 [WARN] PackLoader:240 - Cannot read IP mode file for wolfSSL.I-CUBE-wolfTPM.3.2.0
2025-04-29 10:41:30,600 [WARN] PackLoader:240 - Cannot read IP mode file for STMicroelectronics.X-CUBE-NFC6.3.0.0
2025-04-29 10:41:30,632 [WARN] PackLoader:240 - Cannot read IP mode file for STMicroelectronics.X-CUBE-DPower.1.3.0
2025-04-29 10:41:30,662 [WARN] PackLoader:240 - Cannot read IP mode file for STMicroelectronics.X-CUBE-AI.8.1.0
2025-04-29 10:41:30,720 [WARN] ConditionMgr:438 - getConditionDescription Invalid condition id : LAN8742 Phy interface Condition cause : null
2025-04-29 10:41:30,721 [WARN] PackLoader:240 - Cannot read IP mode file for STMicroelectronics.X-CUBE-AZRTOS-L4.2.0.0
2025-04-29 10:41:30,724 [WARN] ConditionMgr:1044 - genDependencies : Invalid condition id : LAN8742 Phy interface Condition cause : null
2025-04-29 10:41:30,725 [WARN] ConditionMgr:1044 - genDependencies : Invalid condition id : LAN8742 Phy interface Condition cause : null
2025-04-29 10:41:30,725 [WARN] ConditionMgr:1044 - genDependencies : Invalid condition id : LAN8742 Phy interface Condition cause : null
2025-04-29 10:41:30,778 [WARN] PackLoader:240 - Cannot read IP mode file for STMicroelectronics.X-CUBE-SFXS2LP1.4.0.0
2025-04-29 10:41:30,841 [WARN] PackLoader:240 - Cannot read IP mode file for STMicroelectronics.X-CUBE-AZRTOS-H7.3.3.0
2025-04-29 10:41:30,883 [WARN] PackLoader:240 - Cannot read IP mode file for STMicroelectronics.X-CUBE-IPS.3.0.0
2025-04-29 10:41:30,975 [WARN] ConditionMgr:438 - getConditionDescription Invalid condition id : UX DEVICE CLASS RTOS Condition cause : null
2025-04-29 10:41:30,975 [WARN] ConditionMgr:438 - getConditionDescription Invalid condition id : UX DEVICE CLASS RTOS Condition cause : null
2025-04-29 10:41:30,977 [WARN] PackLoader:240 - Cannot read IP mode file for STMicroelectronics.X-CUBE-AZRTOS-WB.2.0.0
2025-04-29 10:41:30,978 [WARN] ConditionMgr:1044 - genDependencies : Invalid condition id : UX DEVICE CLASS RTOS Condition cause : null
2025-04-29 10:41:30,979 [WARN] ConditionMgr:1044 - genDependencies : Invalid condition id : UX DEVICE CLASS RTOS Condition cause : null
2025-04-29 10:41:30,980 [WARN] ConditionMgr:1044 - genDependencies : Invalid condition id : UX DEVICE CLASS RTOS Condition cause : null
2025-04-29 10:41:30,980 [WARN] ConditionMgr:1044 - genDependencies : Invalid condition id : UX DEVICE CLASS RTOS Condition cause : null
2025-04-29 10:41:30,981 [WARN] ConditionMgr:1044 - genDependencies : Invalid condition id : UX DEVICE CLASS RTOS Condition cause : null
2025-04-29 10:41:31,023 [WARN] PackLoader:240 - Cannot read IP mode file for STMicroelectronics.X-CUBE-GNSS1.7.0.0
2025-04-29 10:41:31,059 [WARN] PackLoader:240 - Cannot read IP mode file for STMicroelectronics.X-CUBE-GNSS1.7.0.1
2025-04-29 10:41:31,091 [WARN] PackLoader:240 - Cannot read IP mode file for STMicroelectronics.X-CUBE-TOUCHGFX.4.25.0
2025-04-29 10:41:31,125 [WARN] PackLoader:240 - Cannot read IP mode file for STMicroelectronics.FP-SNS-STBOX1.2.0.0
2025-04-29 10:41:31,179 [WARN] PackLoader:240 - Cannot read IP mode file for STMicroelectronics.X-CUBE-SUBG2.5.0.0
2025-04-29 10:41:31,262 [WARN] PackLoader:240 - Cannot read IP mode file for STMicroelectronics.X-CUBE-AZRTOS-H7RS.1.1.0
2025-04-29 10:41:31,297 [WARN] PackLoader:240 - Cannot read IP mode file for Cesanta.I-CUBE-Mongoose.7.13.0
2025-04-29 10:41:31,343 [WARN] PackLoader:240 - Cannot read IP mode file for STMicroelectronics.X-CUBE-AZRTOS-G4.2.0.0
2025-04-29 10:41:31,779 [WARN] PackLoader:240 - Cannot read IP mode file for Infineon.AIROC-Wi-Fi-Bluetooth-STM32.1.5.1
2025-04-29 10:41:31,826 [WARN] PackLoader:240 - Cannot read IP mode file for STMicroelectronics.FP-SNS-MOTENVWB1.1.3.1
2025-04-29 10:41:31,917 [WARN] PackLoader:240 - Cannot read IP mode file for STMicroelectronics.X-CUBE-ISPU.2.0.0
2025-04-29 10:41:32,079 [WARN] PackLoader:240 - Cannot read IP mode file for STMicroelectronics.X-CUBE-IPS.3.1.0
2025-04-29 10:41:32,115 [WARN] PackLoader:240 - Cannot read IP mode file for STMicroelectronics.X-CUBE-ALS.1.0.2
2025-04-29 10:41:32,196 [WARN] PackLoader:240 - Cannot read IP mode file for STMicroelectronics.X-CUBE-MEMS1.10.0.0
2025-04-29 10:41:32,443 [WARN] PackLoader:240 - Cannot read IP mode file for STMicroelectronics.X-CUBE-FREERTOS.1.1.0
2025-04-29 10:41:32,479 [WARN] PackLoader:240 - Cannot read IP mode file for STMicroelectronics.X-CUBE-TOUCHGFX.4.24.0
2025-04-29 10:41:32,511 [WARN] PackLoader:240 - Cannot read IP mode file for STMicroelectronics.X-CUBE-TOUCHGFX.4.24.2
2025-04-29 10:41:32,551 [WARN] PackLoader:240 - Cannot read IP mode file for STMicroelectronics.X-CUBE-TOUCHGFX.4.24.1
2025-04-29 10:41:32,591 [WARN] PackLoader:240 - Cannot read IP mode file for portGmbH.I-Cube-SoM-uGOAL.1.1.0
2025-04-29 10:41:32,626 [WARN] PackLoader:240 - Cannot read IP mode file for STMicroelectronics.X-CUBE-ALS.1.0.1
2025-04-29 10:41:32,695 [WARN] PackLoader:240 - Cannot read IP mode file for STMicroelectronics.X-CUBE-AZRTOS-H7RS.1.0.0
2025-04-29 10:41:32,728 [WARN] PackLoader:240 - Cannot read IP mode file for STMicroelectronics.FP-ATR-ASTRA1.2.0.0
2025-04-29 10:41:32,769 [WARN] PackLoader:240 - Cannot read IP mode file for STMicroelectronics.X-CUBE-TOF1.3.4.2
2025-04-29 10:41:32,824 [WARN] PackLoader:240 - Cannot read IP mode file for STMicroelectronics.X-CUBE-TOF1.3.4.3
2025-04-29 10:41:32,876 [WARN] PackLoader:240 - Cannot read IP mode file for STMicroelectronics.X-CUBE-TOF1.3.4.0
2025-04-29 10:41:32,923 [WARN] PackLoader:240 - Cannot read IP mode file for STMicroelectronics.X-CUBE-TOF1.3.4.1
2025-04-29 10:41:33,005 [WARN] PackLoader:240 - Cannot read IP mode file for STMicroelectronics.X-CUBE-AZRTOS-H7.3.2.0
2025-04-29 10:41:33,044 [WARN] PackLoader:240 - Cannot read IP mode file for wolfSSL.I-CUBE-wolfSSH.1.4.17
2025-04-29 10:41:33,045 [INFO] ThirdParty:978 - Integrity check success = true
2025-04-29 10:41:33,045 [INFO] IntegrityCheckThread:100 - exiting critical section [integrity check]
2025-04-29 10:41:33,045 [INFO] IntegrityCheckThread:103 - End integrity checks thread
2025-04-29 12:08:52,581 [INFO] WebApp:194 - Connection lost
2025-04-29 12:08:55,804 [INFO] WebApp:191 - Connection restablished
2025-04-29 12:08:57,507 [INFO] WebApp:194 - Connection lost
2025-04-29 12:08:57,616 [INFO] WebApp:191 - Connection restablished
2025-04-29 12:09:00,526 [INFO] WebApp:194 - Connection lost
2025-04-29 12:09:00,649 [INFO] WebApp:191 - Connection restablished
2025-04-29 13:28:53,617 [INFO] WebApp:194 - Connection lost
2025-04-29 13:28:56,721 [INFO] WebApp:191 - Connection restablished
2025-04-29 13:28:57,361 [INFO] WebApp:194 - Connection lost
2025-04-29 13:28:57,484 [INFO] WebApp:191 - Connection restablished
2025-04-29 13:28:59,543 [INFO] WebApp:194 - Connection lost
2025-04-29 13:28:59,662 [INFO] WebApp:191 - Connection restablished
2025-04-29 16:17:26,975 [INFO] WebApp:194 - Connection lost
2025-04-29 16:17:31,606 [INFO] WebApp:191 - Connection restablished
2025-04-29 16:17:33,243 [INFO] WebApp:194 - Connection lost
2025-04-29 16:17:33,409 [INFO] WebApp:191 - Connection restablished
2025-04-29 18:05:22,409 [ERROR] LogOutputStream:75 - [STDERR_REDIRECT] 
2025-04-29 18:05:22,421 [ERROR] LogOutputStream:75 - [STDERR_REDIRECT] 
